<?xml version="1.0" encoding="UTF-8"?>
<testsuite xmlns:xsi="http://www.w3.org/2001/XMLSchema-instance" xsi:noNamespaceSchemaLocation="https://maven.apache.org/surefire/maven-surefire-plugin/xsd/surefire-test-report.xsd" version="3.0.2" name="com.mvn.UserServiceAITest" time="0.055" tests="8" errors="0" skipped="0" failures="0">
  <properties>
[...]
</properties>
  <testcase name="testGetGenderWithLongIdCard" classname="com.mvn.UserServiceAITest" time="0.016"/>
  <testcase name="testGetGenderWithShortIdCard" classname="com.mvn.UserServiceAITest" time="0.0"/>
  <testcase name="testGetGenderWithEmptyString" classname="com.mvn.UserServiceAITest" time="0.0"/>
  <testcase name="testGetGenderWithNull" classname="com.mvn.UserServiceAITest" time="0.008"/>
  <testcase name="testGetGenderMaleOddThree" classname="com.mvn.UserServiceAITest" time="0.0"/>
  <testcase name="testGetGenderFemaleEvenFour" classname="com.mvn.UserServiceAITest" time="0.0"/>
  <testcase name="testGetGenderMaleOdd" classname="com.mvn.UserServiceAITest" time="0.0"/>
  <testcase name="testGetGenderFemaleEven" classname="com.mvn.UserServiceAITest" time="0.0"/>
</testsuite>